<?xml version="1.0" encoding="UTF-8"?>
<!-- Generated by org.testng.reporters.JUnitReportReporter -->
<testsuite skipped="0" hostname="LAPTOP-8G3EKDSE" name="com.runner.ZooplaAutomationRunner" tests="1" failures="0" timestamp="2020-08-06T21:26:29 EDT" time="20.079" errors="0">
  <testcase name="runScenario" time="20.079" classname="com.runner.ZooplaAutomationRunner"/>
  <system-out/>
</testsuite> <!-- com.runner.ZooplaAutomationRunner -->
